<?xml version="1.0" encoding="UTF-8"?>
<!-- Generated by org.testng.reporters.JUnitReportReporter -->
<testsuite hostname="MIZAN-HP-WIN" failures="0" tests="1" name="mbbsAppPackage.testCase1" time="0.014" errors="0" timestamp="2022-10-18T13:33:14 BDT" skipped="0">
  <testcase classname="mbbsAppPackage.testCase1" name="testOne" time="0.014"/>
  <system-out/>
</testsuite> <!-- mbbsAppPackage.testCase1 -->
