<?xml version="1.0" encoding="UTF-8"?>
<!-- Generated by org.testng.reporters.JUnitReportReporter -->
<testsuite hostname="MIZAN-HP-WIN" failures="0" tests="3" name="testModule.Clock_TestCase" time="4.560" errors="0" timestamp="2022-10-31T13:26:19 BDT" skipped="0">
  <testcase classname="testModule.Clock_TestCase" name="VefifyAlarmOfClock" time="2.212"/>
  <system-out/>
  <testcase classname="testModule.Clock_TestCase" name="VefifyTimerOfClock" time="1.181"/>
  <system-out/>
  <testcase classname="testModule.Clock_TestCase" name="VefifyStopwatchOfClock" time="1.167"/>
  <system-out/>
</testsuite> <!-- testModule.Clock_TestCase -->
