<?xml version="1.0" encoding="UTF-8"?>
<!-- Generated by org.testng.reporters.JUnitReportReporter -->
<testsuite hostname="MIZAN-HP-WIN" failures="0" tests="2" name="mbbsAppPackage.avicenna" time="17.135" errors="0" timestamp="2022-10-23T11:51:27 BDT" skipped="0">
  <testcase classname="mbbsAppPackage.avicenna" name="LoginMBBSWithInvalidCredential" time="8.554"/>
  <system-out/>
  <testcase classname="mbbsAppPackage.avicenna" name="LoginMBBSWithValidCredential" time="8.581"/>
  <system-out/>
</testsuite> <!-- mbbsAppPackage.avicenna -->
