<?xml version="1.0" encoding="UTF-8"?>
<!-- Generated by org.testng.reporters.JUnitReportReporter -->
<testsuite hostname="MIZANUR-HP-WIN10" failures="0" tests="2" name="darazAppPackage.Login_TestCase" time="34.376" errors="0" timestamp="2022-02-17T15:43:23 BDT" skipped="0">
  <testcase classname="darazAppPackage.Login_TestCase" name="LocationAndLanguageSetting" time="20.278"/>
  <system-out/>
  <testcase classname="darazAppPackage.Login_TestCase" name="LoginWithGoogleAccount" time="14.098"/>
  <system-out/>
</testsuite> <!-- darazAppPackage.Login_TestCase -->
