<?xml version="1.0" encoding="UTF-8"?>
<!-- Generated by org.testng.reporters.JUnitReportReporter -->
<testsuite hostname="MIZANUR-HP-WIN10" failures="0" tests="1" name="darazAppPackage.AddToCart_TestCase" time="3.006" errors="0" timestamp="2022-02-17T15:43:23 BDT" skipped="0">
  <testcase classname="darazAppPackage.AddToCart_TestCase" name="addToCart" time="3.006"/>
  <system-out/>
</testsuite> <!-- darazAppPackage.AddToCart_TestCase -->
