<?xml version="1.0" encoding="UTF-8"?>
<!-- Generated by org.testng.reporters.JUnitReportReporter -->
<testsuite hostname="MIZANUR-HP-WIN10" failures="0" tests="7" name="darazAppPackage.Daraz_TestCases" time="59.478" errors="0" timestamp="2022-02-14T14:56:42 BDT" skipped="0">
  <testcase classname="darazAppPackage.Daraz_TestCases" name="LocationAndLanguageSetting" time="32.055"/>
  <system-out/>
  <testcase classname="darazAppPackage.Daraz_TestCases" name="LoginWithGoogleAccount" time="10.667"/>
  <system-out/>
  <testcase classname="darazAppPackage.Daraz_TestCases" name="SearchProdeuct" time="4.775"/>
  <system-out/>
  <testcase classname="darazAppPackage.Daraz_TestCases" name="viewProductDetails" time="1.813"/>
  <system-out/>
  <testcase classname="darazAppPackage.Daraz_TestCases" name="addToCart" time="3.296"/>
  <system-out/>
  <testcase classname="darazAppPackage.Daraz_TestCases" name="CheckOutItems" time="3.050"/>
  <system-out/>
  <testcase classname="darazAppPackage.Daraz_TestCases" name="deleteProductFromCart" time="3.822"/>
  <system-out/>
</testsuite> <!-- darazAppPackage.Daraz_TestCases -->
