<?xml version="1.0" encoding="UTF-8"?>
<!-- Generated by org.testng.reporters.JUnitReportReporter -->
<testsuite hostname="MIZANUR-HP-WIN10" failures="0" tests="1" name="darazAppPackage.DeleteProduct_TestCase" time="3.599" errors="0" timestamp="2022-02-17T15:43:23 BDT" skipped="0">
  <testcase classname="darazAppPackage.DeleteProduct_TestCase" name="deleteProductFromCart" time="3.599"/>
  <system-out/>
</testsuite> <!-- darazAppPackage.DeleteProduct_TestCase -->
