<?xml version="1.0" encoding="UTF-8"?>
<!-- Generated by org.testng.reporters.JUnitReportReporter -->
<testsuite hostname="MIZANUR-HP-WIN10" failures="0" tests="1" name="darazAppPackage.CheckOut_TestCase" time="2.777" errors="0" timestamp="2022-02-17T15:43:23 BDT" skipped="0">
  <testcase classname="darazAppPackage.CheckOut_TestCase" name="CheckOutItems" time="2.777"/>
  <system-out/>
</testsuite> <!-- darazAppPackage.CheckOut_TestCase -->
