<?xml version="1.0" encoding="UTF-8"?>
<!-- Generated by org.testng.reporters.JUnitReportReporter -->
<testsuite hostname="MIZANUR-HP-WIN10" failures="0" tests="1" name="darazAppPackage.ViewDetail_TestCase" time="2.434" errors="0" timestamp="2022-02-17T15:43:23 BDT" skipped="0">
  <testcase classname="darazAppPackage.ViewDetail_TestCase" name="viewProductDetails" time="2.434"/>
  <system-out/>
</testsuite> <!-- darazAppPackage.ViewDetail_TestCase -->
